[0mGET / [32m200[0m 91.139 ms - 3968[0m
[0mGET /css/layout.css [36m304[0m 6.856 ms - -[0m
[0mGET /css/home.css [36m304[0m 6.476 ms - -[0m
[0mGET /css/header.css [36m304[0m 2.711 ms - -[0m
[0mGET /css/footer.css [32m200[0m 8.799 ms - 931[0m
[0mGET /users/signin [32m200[0m 21.971 ms - 2530[0m
[0mGET /css/layout.css [36m304[0m 3.050 ms - -[0m
[0mGET /css/header.css [36m304[0m 2.773 ms - -[0m
[0mGET /css/user_profile.css [32m200[0m 12.482 ms - 62[0m
[0mGET /css/footer.css [36m304[0m 4.032 ms - -[0m
[0mPOST /users/create-session [36m302[0m 35.718 ms - 46[0m
[0mGET / [32m200[0m 55.159 ms - 5344[0m
[0mGET /css/layout.css [36m304[0m 2.916 ms - -[0m
[0mGET /css/home.css [36m304[0m 6.466 ms - -[0m
[0mGET /css/header.css [36m304[0m 5.509 ms - -[0m
[0mGET /css/footer.css [36m304[0m 2.354 ms - -[0m
[0mPOST /posts/create-post [36m302[0m 7.829 ms - 70[0m
[0mGET /users/signin [32m200[0m 22.335 ms - 2530[0m
[0mGET /css/layout.css [36m304[0m 4.313 ms - -[0m
[0mGET /css/header.css [36m304[0m 3.432 ms - -[0m
[0mGET /css/user_profile.css [32m200[0m 8.604 ms - 62[0m
[0mGET /css/footer.css [32m200[0m 5.267 ms - 931[0m
[0mGET / [32m200[0m 37.711 ms - 3968[0m
[0mGET /css/layout.css [36m304[0m 2.830 ms - -[0m
[0mGET /css/home.css [36m304[0m 3.709 ms - -[0m
[0mGET /css/header.css [36m304[0m 4.272 ms - -[0m
[0mGET /css/footer.css [36m304[0m 2.119 ms - -[0m
[0mGET /users/signin [36m304[0m 13.187 ms - -[0m
[0mGET /css/layout.css [36m304[0m 1.942 ms - -[0m
[0mGET /css/user_profile.css [36m304[0m 3.001 ms - -[0m
[0mGET /css/header.css [36m304[0m 3.061 ms - -[0m
[0mGET /css/footer.css [36m304[0m 1.906 ms - -[0m
[0mPOST /users/create-session [36m302[0m 19.726 ms - 46[0m
[0mGET / [32m200[0m 32.950 ms - 5344[0m
[0mGET /css/layout.css [36m304[0m 2.142 ms - -[0m
[0mGET /css/home.css [36m304[0m 3.725 ms - -[0m
[0mGET /css/header.css [36m304[0m 3.503 ms - -[0m
[0mGET /css/footer.css [36m304[0m 1.875 ms - -[0m
